<?xml version="1.0" encoding="UTF-8"?>
<testng-results ignored="0" total="12" passed="10" failed="1" skipped="1">
  <reporter-output>
  </reporter-output>
  <suite started-at="2021-12-22T10:24:25Z" name="Command line suite" finished-at="2021-12-22T10:30:37Z" duration-ms="372414">
    <groups>
    </groups>
    <test started-at="2021-12-22T10:24:25Z" name="Command line test" finished-at="2021-12-22T10:30:37Z" duration-ms="372414">
      <class name="systaem.qa.tests.PimPageTest">
        <test-method is-config="true" signature="setUp()[pri:0, instance:systaem.qa.tests.PimPageTest@635eaaf1]" started-at="2021-12-22T10:28:41Z" name="setUp" finished-at="2021-12-22T10:28:56Z" duration-ms="14432" status="PASS">
          <reporter-output>
          </reporter-output>
        </test-method> <!-- setUp -->
        <test-method signature="add_Data(java.lang.String, java.lang.String, java.lang.String, java.lang.String, java.lang.String, java.lang.String, java.lang.String)[pri:0, instance:systaem.qa.tests.PimPageTest@635eaaf1]" started-at="2021-12-22T10:28:56Z" name="add_Data" data-provider="getTestData" finished-at="2021-12-22T10:28:58Z" duration-ms="2011" status="PASS">
          <params>
            <param index="0">
              <value>
                <![CDATA[saji]]>
              </value>
            </param>
            <param index="1">
              <value>
                <![CDATA[shan]]>
              </value>
            </param>
            <param index="2">
              <value>
                <![CDATA[ananth]]>
              </value>
            </param>
            <param index="3">
              <value>
                <![CDATA[test123]]>
              </value>
            </param>
            <param index="4">
              <value>
                <![CDATA[test@123]]>
              </value>
            </param>
            <param index="5">
              <value>
                <![CDATA[test@123]]>
              </value>
            </param>
            <param index="6">
              <value>
                <![CDATA[Enabled]]>
              </value>
            </param>
          </params>
          <reporter-output>
          </reporter-output>
        </test-method> <!-- add_Data -->
        <test-method is-config="true" signature="close()[pri:0, instance:systaem.qa.tests.PimPageTest@635eaaf1]" started-at="2021-12-22T10:28:58Z" name="close" finished-at="2021-12-22T10:28:58Z" duration-ms="328" status="PASS">
          <reporter-output>
          </reporter-output>
        </test-method> <!-- close -->
        <test-method is-config="true" signature="setUp()[pri:0, instance:systaem.qa.tests.PimPageTest@635eaaf1]" started-at="2021-12-22T10:28:58Z" name="setUp" finished-at="2021-12-22T10:29:14Z" duration-ms="15947" status="PASS">
          <reporter-output>
          </reporter-output>
        </test-method> <!-- setUp -->
        <test-method signature="add_Data(java.lang.String, java.lang.String, java.lang.String, java.lang.String, java.lang.String, java.lang.String, java.lang.String)[pri:0, instance:systaem.qa.tests.PimPageTest@635eaaf1]" started-at="2021-12-22T10:29:14Z" name="add_Data" data-provider="getTestData" finished-at="2021-12-22T10:29:16Z" duration-ms="1721" status="PASS">
          <params>
            <param index="0">
              <value>
                <![CDATA[shan]]>
              </value>
            </param>
            <param index="1">
              <value>
                <![CDATA[saji]]>
              </value>
            </param>
            <param index="2">
              <value>
                <![CDATA[shan]]>
              </value>
            </param>
            <param index="3">
              <value>
                <![CDATA[test124]]>
              </value>
            </param>
            <param index="4">
              <value>
                <![CDATA[test@123]]>
              </value>
            </param>
            <param index="5">
              <value>
                <![CDATA[test@123]]>
              </value>
            </param>
            <param index="6">
              <value>
                <![CDATA[Disabled]]>
              </value>
            </param>
          </params>
          <reporter-output>
          </reporter-output>
        </test-method> <!-- add_Data -->
        <test-method is-config="true" signature="close()[pri:0, instance:systaem.qa.tests.PimPageTest@635eaaf1]" started-at="2021-12-22T10:29:16Z" name="close" finished-at="2021-12-22T10:29:16Z" duration-ms="546" status="PASS">
          <reporter-output>
          </reporter-output>
        </test-method> <!-- close -->
        <test-method is-config="true" signature="setUp()[pri:0, instance:systaem.qa.tests.PimPageTest@635eaaf1]" started-at="2021-12-22T10:29:16Z" name="setUp" finished-at="2021-12-22T10:29:31Z" duration-ms="14404" status="PASS">
          <reporter-output>
          </reporter-output>
        </test-method> <!-- setUp -->
        <test-method signature="add_Data(java.lang.String, java.lang.String, java.lang.String, java.lang.String, java.lang.String, java.lang.String, java.lang.String)[pri:0, instance:systaem.qa.tests.PimPageTest@635eaaf1]" started-at="2021-12-22T10:29:31Z" name="add_Data" data-provider="getTestData" finished-at="2021-12-22T10:29:32Z" duration-ms="1617" status="PASS">
          <params>
            <param index="0">
              <value>
                <![CDATA[mahi]]>
              </value>
            </param>
            <param index="1">
              <value>
                <![CDATA[raj]]>
              </value>
            </param>
            <param index="2">
              <value>
                <![CDATA[saji]]>
              </value>
            </param>
            <param index="3">
              <value>
                <![CDATA[test125]]>
              </value>
            </param>
            <param index="4">
              <value>
                <![CDATA[test@123]]>
              </value>
            </param>
            <param index="5">
              <value>
                <![CDATA[test@123]]>
              </value>
            </param>
            <param index="6">
              <value>
                <![CDATA[Enabled]]>
              </value>
            </param>
          </params>
          <reporter-output>
          </reporter-output>
        </test-method> <!-- add_Data -->
        <test-method is-config="true" signature="close()[pri:0, instance:systaem.qa.tests.PimPageTest@635eaaf1]" started-at="2021-12-22T10:29:32Z" name="close" finished-at="2021-12-22T10:29:33Z" duration-ms="389" status="PASS">
          <reporter-output>
          </reporter-output>
        </test-method> <!-- close -->
        <test-method is-config="true" signature="setUp()[pri:0, instance:systaem.qa.tests.PimPageTest@635eaaf1]" started-at="2021-12-22T10:29:33Z" name="setUp" finished-at="2021-12-22T10:29:47Z" duration-ms="14541" status="PASS">
          <reporter-output>
          </reporter-output>
        </test-method> <!-- setUp -->
        <test-method signature="add_Data(java.lang.String, java.lang.String, java.lang.String, java.lang.String, java.lang.String, java.lang.String, java.lang.String)[pri:0, instance:systaem.qa.tests.PimPageTest@635eaaf1]" started-at="2021-12-22T10:29:47Z" name="add_Data" data-provider="getTestData" finished-at="2021-12-22T10:29:49Z" duration-ms="1797" status="PASS">
          <params>
            <param index="0">
              <value>
                <![CDATA[ananth]]>
              </value>
            </param>
            <param index="1">
              <value>
                <![CDATA[nosi]]>
              </value>
            </param>
            <param index="2">
              <value>
                <![CDATA[raj]]>
              </value>
            </param>
            <param index="3">
              <value>
                <![CDATA[test126]]>
              </value>
            </param>
            <param index="4">
              <value>
                <![CDATA[test@123]]>
              </value>
            </param>
            <param index="5">
              <value>
                <![CDATA[test@123]]>
              </value>
            </param>
            <param index="6">
              <value>
                <![CDATA[Disabled]]>
              </value>
            </param>
          </params>
          <reporter-output>
          </reporter-output>
        </test-method> <!-- add_Data -->
        <test-method is-config="true" signature="close()[pri:0, instance:systaem.qa.tests.PimPageTest@635eaaf1]" started-at="2021-12-22T10:29:49Z" name="close" finished-at="2021-12-22T10:29:49Z" duration-ms="243" status="PASS">
          <reporter-output>
          </reporter-output>
        </test-method> <!-- close -->
        <test-method is-config="true" signature="setUp()[pri:0, instance:systaem.qa.tests.PimPageTest@635eaaf1]" started-at="2021-12-22T10:29:49Z" name="setUp" finished-at="2021-12-22T10:30:06Z" duration-ms="16231" status="PASS">
          <reporter-output>
          </reporter-output>
        </test-method> <!-- setUp -->
        <test-method signature="add_Data(java.lang.String, java.lang.String, java.lang.String, java.lang.String, java.lang.String, java.lang.String, java.lang.String)[pri:0, instance:systaem.qa.tests.PimPageTest@635eaaf1]" started-at="2021-12-22T10:30:06Z" name="add_Data" data-provider="getTestData" finished-at="2021-12-22T10:30:07Z" duration-ms="1627" status="PASS">
          <params>
            <param index="0">
              <value>
                <![CDATA[thusha]]>
              </value>
            </param>
            <param index="1">
              <value>
                <![CDATA[kha]]>
              </value>
            </param>
            <param index="2">
              <value>
                <![CDATA[nosi]]>
              </value>
            </param>
            <param index="3">
              <value>
                <![CDATA[test127]]>
              </value>
            </param>
            <param index="4">
              <value>
                <![CDATA[test@123]]>
              </value>
            </param>
            <param index="5">
              <value>
                <![CDATA[test@123]]>
              </value>
            </param>
            <param index="6">
              <value>
                <![CDATA[Disabled]]>
              </value>
            </param>
          </params>
          <reporter-output>
          </reporter-output>
        </test-method> <!-- add_Data -->
        <test-method is-config="true" signature="close()[pri:0, instance:systaem.qa.tests.PimPageTest@635eaaf1]" started-at="2021-12-22T10:30:07Z" name="close" finished-at="2021-12-22T10:30:08Z" duration-ms="334" status="PASS">
          <reporter-output>
          </reporter-output>
        </test-method> <!-- close -->
        <test-method is-config="true" signature="setUp()[pri:0, instance:systaem.qa.tests.PimPageTest@635eaaf1]" started-at="2021-12-22T10:30:08Z" name="setUp" finished-at="2021-12-22T10:30:26Z" duration-ms="18155" status="PASS">
          <reporter-output>
          </reporter-output>
        </test-method> <!-- setUp -->
        <test-method signature="verify_addedData()[pri:0, instance:systaem.qa.tests.PimPageTest@635eaaf1]" started-at="2021-12-22T10:30:26Z" name="verify_addedData" finished-at="2021-12-22T10:30:36Z" duration-ms="10484" status="FAIL">
          <exception class="org.openqa.selenium.NoSuchElementException">
            <message>
              <![CDATA[no such element: Unable to locate element: {"method":"xpath","selector":"(//td/a[contains(text(),'saji')])[1]"}
  (Session info: chrome=96.0.4664.110)
For documentation on this error, please visit: http://seleniumhq.org/exceptions/no_such_element.html
Build info: version: '3.14.0', revision: 'aacccce0', time: '2018-08-02T20:19:58.91Z'
System info: host: 'Mathiyaparanams.local', ip: '192.168.0.11', os.name: 'Mac OS X', os.arch: 'x86_64', os.version: '10.13.6', java.version: '11.0.12'
Driver info: org.openqa.selenium.chrome.ChromeDriver
Capabilities {acceptInsecureCerts: false, browserName: chrome, browserVersion: 96.0.4664.110, chrome: {chromedriverVersion: 95.0.4638.69 (6a1600ed572fe..., userDataDir: /var/folders/f3/1p1p2c09213...}, goog:chromeOptions: {debuggerAddress: localhost:65482}, javascriptEnabled: true, networkConnectionEnabled: false, pageLoadStrategy: normal, platform: MAC, platformName: MAC, proxy: Proxy(), setWindowRect: true, strictFileInteractability: false, timeouts: {implicit: 0, pageLoad: 300000, script: 30000}, unhandledPromptBehavior: dismiss and notify, webauthn:extension:credBlob: true, webauthn:extension:largeBlob: true, webauthn:virtualAuthenticators: true}
Session ID: 4373bd40118454114ec75464c9839b54
*** Element info: {Using=xpath, value=(//td/a[contains(text(),'saji')])[1]}]]>
            </message>
            <full-stacktrace>
              <![CDATA[org.openqa.selenium.NoSuchElementException: no such element: Unable to locate element: {"method":"xpath","selector":"(//td/a[contains(text(),'saji')])[1]"}
  (Session info: chrome=96.0.4664.110)
For documentation on this error, please visit: http://seleniumhq.org/exceptions/no_such_element.html
Build info: version: '3.14.0', revision: 'aacccce0', time: '2018-08-02T20:19:58.91Z'
System info: host: 'Mathiyaparanams.local', ip: '192.168.0.11', os.name: 'Mac OS X', os.arch: 'x86_64', os.version: '10.13.6', java.version: '11.0.12'
Driver info: org.openqa.selenium.chrome.ChromeDriver
Capabilities {acceptInsecureCerts: false, browserName: chrome, browserVersion: 96.0.4664.110, chrome: {chromedriverVersion: 95.0.4638.69 (6a1600ed572fe..., userDataDir: /var/folders/f3/1p1p2c09213...}, goog:chromeOptions: {debuggerAddress: localhost:65482}, javascriptEnabled: true, networkConnectionEnabled: false, pageLoadStrategy: normal, platform: MAC, platformName: MAC, proxy: Proxy(), setWindowRect: true, strictFileInteractability: false, timeouts: {implicit: 0, pageLoad: 300000, script: 30000}, unhandledPromptBehavior: dismiss and notify, webauthn:extension:credBlob: true, webauthn:extension:largeBlob: true, webauthn:virtualAuthenticators: true}
Session ID: 4373bd40118454114ec75464c9839b54
*** Element info: {Using=xpath, value=(//td/a[contains(text(),'saji')])[1]}
at java.base/jdk.internal.reflect.NativeConstructorAccessorImpl.newInstance0(Native Method)
at java.base/jdk.internal.reflect.NativeConstructorAccessorImpl.newInstance(NativeConstructorAccessorImpl.java:62)
at java.base/jdk.internal.reflect.DelegatingConstructorAccessorImpl.newInstance(DelegatingConstructorAccessorImpl.java:45)
at java.base/java.lang.reflect.Constructor.newInstance(Constructor.java:490)
at org.openqa.selenium.remote.http.W3CHttpResponseCodec.createException(W3CHttpResponseCodec.java:187)
at org.openqa.selenium.remote.http.W3CHttpResponseCodec.decode(W3CHttpResponseCodec.java:122)
at org.openqa.selenium.remote.http.W3CHttpResponseCodec.decode(W3CHttpResponseCodec.java:49)
at org.openqa.selenium.remote.HttpCommandExecutor.execute(HttpCommandExecutor.java:158)
at org.openqa.selenium.remote.service.DriverCommandExecutor.execute(DriverCommandExecutor.java:83)
at org.openqa.selenium.remote.RemoteWebDriver.execute(RemoteWebDriver.java:548)
at org.openqa.selenium.remote.RemoteWebDriver.findElement(RemoteWebDriver.java:322)
at org.openqa.selenium.remote.RemoteWebDriver.findElementByXPath(RemoteWebDriver.java:424)
at org.openqa.selenium.By$ByXPath.findElement(By.java:353)
at org.openqa.selenium.remote.RemoteWebDriver.findElement(RemoteWebDriver.java:314)
at jdk.internal.reflect.GeneratedMethodAccessor5.invoke(Unknown Source)
at java.base/jdk.internal.reflect.DelegatingMethodAccessorImpl.invoke(DelegatingMethodAccessorImpl.java:43)
at java.base/java.lang.reflect.Method.invoke(Method.java:566)
at org.openqa.selenium.support.events.EventFiringWebDriver.lambda$new$1(EventFiringWebDriver.java:105)
at com.sun.proxy.$Proxy11.findElement(Unknown Source)
at org.openqa.selenium.support.events.EventFiringWebDriver.findElement(EventFiringWebDriver.java:194)
at system.qa.pages.PimPage.verifyAddedData(PimPage.java:55)
at systaem.qa.tests.PimPageTest.verify_addedData(PimPageTest.java:55)
at java.base/jdk.internal.reflect.NativeMethodAccessorImpl.invoke0(Native Method)
at java.base/jdk.internal.reflect.NativeMethodAccessorImpl.invoke(NativeMethodAccessorImpl.java:62)
at java.base/jdk.internal.reflect.DelegatingMethodAccessorImpl.invoke(DelegatingMethodAccessorImpl.java:43)
at java.base/java.lang.reflect.Method.invoke(Method.java:566)
at org.testng.internal.MethodInvocationHelper.invokeMethod(MethodInvocationHelper.java:124)
at org.testng.internal.Invoker.invokeMethod(Invoker.java:583)
at org.testng.internal.Invoker.invokeTestMethod(Invoker.java:719)
at org.testng.internal.Invoker.invokeTestMethods(Invoker.java:989)
at org.testng.internal.TestMethodWorker.invokeTestMethods(TestMethodWorker.java:125)
at org.testng.internal.TestMethodWorker.run(TestMethodWorker.java:109)
at org.testng.TestRunner.privateRun(TestRunner.java:648)
at org.testng.TestRunner.run(TestRunner.java:505)
at org.testng.SuiteRunner.runTest(SuiteRunner.java:455)
at org.testng.SuiteRunner.runSequentially(SuiteRunner.java:450)
at org.testng.SuiteRunner.privateRun(SuiteRunner.java:415)
at org.testng.SuiteRunner.run(SuiteRunner.java:364)
at org.testng.SuiteRunnerWorker.runSuite(SuiteRunnerWorker.java:52)
at org.testng.SuiteRunnerWorker.run(SuiteRunnerWorker.java:84)
at org.testng.TestNG.runSuitesSequentially(TestNG.java:1208)
at org.testng.TestNG.runSuitesLocally(TestNG.java:1137)
at org.testng.TestNG.runSuites(TestNG.java:1049)
at org.testng.TestNG.run(TestNG.java:1017)
at org.apache.maven.surefire.testng.TestNGExecutor.run(TestNGExecutor.java:77)
at org.apache.maven.surefire.testng.TestNGDirectoryTestSuite.executeMulti(TestNGDirectoryTestSuite.java:159)
at org.apache.maven.surefire.testng.TestNGDirectoryTestSuite.execute(TestNGDirectoryTestSuite.java:99)
at org.apache.maven.surefire.testng.TestNGProvider.invoke(TestNGProvider.java:106)
at java.base/jdk.internal.reflect.NativeMethodAccessorImpl.invoke0(Native Method)
at java.base/jdk.internal.reflect.NativeMethodAccessorImpl.invoke(NativeMethodAccessorImpl.java:62)
at java.base/jdk.internal.reflect.DelegatingMethodAccessorImpl.invoke(DelegatingMethodAccessorImpl.java:43)
at java.base/java.lang.reflect.Method.invoke(Method.java:566)
at org.apache.maven.surefire.util.ReflectionUtils.invokeMethodWithArray(ReflectionUtils.java:189)
at org.apache.maven.surefire.booter.ProviderFactory$ProviderProxy.invoke(ProviderFactory.java:165)
at org.apache.maven.surefire.booter.ProviderFactory.invokeProvider(ProviderFactory.java:85)
at org.apache.maven.surefire.booter.ForkedBooter.runSuitesInProcess(ForkedBooter.java:115)
at org.apache.maven.surefire.booter.ForkedBooter.main(ForkedBooter.java:75)
]]>
            </full-stacktrace>
          </exception> <!-- org.openqa.selenium.NoSuchElementException -->
          <reporter-output>
          </reporter-output>
        </test-method> <!-- verify_addedData -->
        <test-method is-config="true" signature="close()[pri:0, instance:systaem.qa.tests.PimPageTest@635eaaf1]" started-at="2021-12-22T10:30:36Z" name="close" finished-at="2021-12-22T10:30:36Z" duration-ms="161" status="PASS">
          <reporter-output>
          </reporter-output>
        </test-method> <!-- close -->
      </class> <!-- systaem.qa.tests.PimPageTest -->
      <class name="systaem.qa.tests.LoginPageTest">
        <test-method is-config="true" signature="startReport()[pri:0, instance:systaem.qa.tests.LoginPageTest@c267ef4]" started-at="2021-12-22T10:24:25Z" name="startReport" finished-at="2021-12-22T10:24:26Z" duration-ms="1036" status="PASS">
          <reporter-output>
          </reporter-output>
        </test-method> <!-- startReport -->
        <test-method is-config="true" signature="setUp()[pri:0, instance:systaem.qa.tests.LoginPageTest@c267ef4]" started-at="2021-12-22T10:28:26Z" name="setUp" finished-at="2021-12-22T10:28:36Z" duration-ms="10516" status="PASS">
          <reporter-output>
          </reporter-output>
        </test-method> <!-- setUp -->
        <test-method signature="test()[pri:0, instance:systaem.qa.tests.LoginPageTest@c267ef4]" started-at="2021-12-22T10:28:36Z" name="test" finished-at="2021-12-22T10:28:39Z" duration-ms="3011" status="PASS">
          <reporter-output>
          </reporter-output>
        </test-method> <!-- test -->
        <test-method is-config="true" signature="close()[pri:0, instance:systaem.qa.tests.LoginPageTest@c267ef4]" started-at="2021-12-22T10:28:39Z" name="close" finished-at="2021-12-22T10:28:40Z" duration-ms="417" status="PASS">
          <reporter-output>
          </reporter-output>
        </test-method> <!-- close -->
        <test-method is-config="true" signature="endReport()[pri:0, instance:systaem.qa.tests.LoginPageTest@c267ef4]" started-at="2021-12-22T10:30:36Z" name="endReport" finished-at="2021-12-22T10:30:37Z" duration-ms="863" status="PASS">
          <reporter-output>
          </reporter-output>
        </test-method> <!-- endReport -->
      </class> <!-- systaem.qa.tests.LoginPageTest -->
      <class name="systaem.qa.tests.AdminTest">
        <test-method is-config="true" signature="setUp()[pri:0, instance:systaem.qa.tests.AdminTest@30ee2816]" started-at="2021-12-22T10:24:26Z" name="setUp" finished-at="2021-12-22T10:26:04Z" duration-ms="98150" status="FAIL">
          <exception class="org.openqa.selenium.WebDriverException">
            <message>
              <![CDATA[unknown error: DevToolsActivePort file doesn't exist
Build info: version: '3.14.0', revision: 'aacccce0', time: '2018-08-02T20:19:58.91Z'
System info: host: 'Mathiyaparanams.local', ip: '192.168.0.11', os.name: 'Mac OS X', os.arch: 'x86_64', os.version: '10.13.6', java.version: '11.0.12'
Driver info: driver.version: ChromeDriver
remote stacktrace: 0   chromedriver                        0x0000000103471519 __gxx_personality_v0 + 577193
1   chromedriver                        0x00000001033fd663 __gxx_personality_v0 + 102387
2   chromedriver                        0x0000000102fc4d28 chromedriver + 171304
3   chromedriver                        0x0000000102fea42c chromedriver + 324652
4   chromedriver                        0x0000000102fe6c42 chromedriver + 310338
5   chromedriver                        0x0000000102fe35a6 chromedriver + 296358
6   chromedriver                        0x000000010301ce4d chromedriver + 532045
7   chromedriver                        0x0000000103016ba3 chromedriver + 506787
8   chromedriver                        0x0000000102fed5ae chromedriver + 337326
9   chromedriver                        0x0000000102fee8d5 chromedriver + 342229
10  chromedriver                        0x000000010342d75f __gxx_personality_v0 + 299247
11  chromedriver                        0x000000010344469a __gxx_personality_v0 + 393258
12  chromedriver                        0x0000000103449f5b __gxx_personality_v0 + 415979
13  chromedriver                        0x0000000103445a3a __gxx_personality_v0 + 398282
14  chromedriver                        0x000000010342237c __gxx_personality_v0 + 253196
15  chromedriver                        0x0000000103461458 __gxx_personality_v0 + 511464
16  chromedriver                        0x00000001034615e1 __gxx_personality_v0 + 511857
17  chromedriver                        0x0000000103478968 __gxx_personality_v0 + 606968
18  libsystem_pthread.dylib             0x00007fff7716f661 _pthread_body + 340
19  libsystem_pthread.dylib             0x00007fff7716f50d _pthread_body + 0
20  libsystem_pthread.dylib             0x00007fff7716ebf9 thread_start + 13
]]>
            </message>
            <full-stacktrace>
              <![CDATA[org.openqa.selenium.WebDriverException: unknown error: DevToolsActivePort file doesn't exist
Build info: version: '3.14.0', revision: 'aacccce0', time: '2018-08-02T20:19:58.91Z'
System info: host: 'Mathiyaparanams.local', ip: '192.168.0.11', os.name: 'Mac OS X', os.arch: 'x86_64', os.version: '10.13.6', java.version: '11.0.12'
Driver info: driver.version: ChromeDriver
remote stacktrace: 0   chromedriver                        0x0000000103471519 __gxx_personality_v0 + 577193
1   chromedriver                        0x00000001033fd663 __gxx_personality_v0 + 102387
2   chromedriver                        0x0000000102fc4d28 chromedriver + 171304
3   chromedriver                        0x0000000102fea42c chromedriver + 324652
4   chromedriver                        0x0000000102fe6c42 chromedriver + 310338
5   chromedriver                        0x0000000102fe35a6 chromedriver + 296358
6   chromedriver                        0x000000010301ce4d chromedriver + 532045
7   chromedriver                        0x0000000103016ba3 chromedriver + 506787
8   chromedriver                        0x0000000102fed5ae chromedriver + 337326
9   chromedriver                        0x0000000102fee8d5 chromedriver + 342229
10  chromedriver                        0x000000010342d75f __gxx_personality_v0 + 299247
11  chromedriver                        0x000000010344469a __gxx_personality_v0 + 393258
12  chromedriver                        0x0000000103449f5b __gxx_personality_v0 + 415979
13  chromedriver                        0x0000000103445a3a __gxx_personality_v0 + 398282
14  chromedriver                        0x000000010342237c __gxx_personality_v0 + 253196
15  chromedriver                        0x0000000103461458 __gxx_personality_v0 + 511464
16  chromedriver                        0x00000001034615e1 __gxx_personality_v0 + 511857
17  chromedriver                        0x0000000103478968 __gxx_personality_v0 + 606968
18  libsystem_pthread.dylib             0x00007fff7716f661 _pthread_body + 340
19  libsystem_pthread.dylib             0x00007fff7716f50d _pthread_body + 0
20  libsystem_pthread.dylib             0x00007fff7716ebf9 thread_start + 13

at java.base/jdk.internal.reflect.NativeConstructorAccessorImpl.newInstance0(Native Method)
at java.base/jdk.internal.reflect.NativeConstructorAccessorImpl.newInstance(NativeConstructorAccessorImpl.java:62)
at java.base/jdk.internal.reflect.DelegatingConstructorAccessorImpl.newInstance(DelegatingConstructorAccessorImpl.java:45)
at java.base/java.lang.reflect.Constructor.newInstance(Constructor.java:490)
at org.openqa.selenium.remote.W3CHandshakeResponse.lambda$new$0(W3CHandshakeResponse.java:57)
at org.openqa.selenium.remote.W3CHandshakeResponse.lambda$getResponseFunction$2(W3CHandshakeResponse.java:104)
at org.openqa.selenium.remote.ProtocolHandshake.lambda$createSession$0(ProtocolHandshake.java:122)
at java.base/java.util.stream.ReferencePipeline$3$1.accept(ReferencePipeline.java:195)
at java.base/java.util.Spliterators$ArraySpliterator.tryAdvance(Spliterators.java:958)
at java.base/java.util.stream.ReferencePipeline.forEachWithCancel(ReferencePipeline.java:127)
at java.base/java.util.stream.AbstractPipeline.copyIntoWithCancel(AbstractPipeline.java:502)
at java.base/java.util.stream.AbstractPipeline.copyInto(AbstractPipeline.java:488)
at java.base/java.util.stream.AbstractPipeline.wrapAndCopyInto(AbstractPipeline.java:474)
at java.base/java.util.stream.FindOps$FindOp.evaluateSequential(FindOps.java:150)
at java.base/java.util.stream.AbstractPipeline.evaluate(AbstractPipeline.java:234)
at java.base/java.util.stream.ReferencePipeline.findFirst(ReferencePipeline.java:543)
at org.openqa.selenium.remote.ProtocolHandshake.createSession(ProtocolHandshake.java:125)
at org.openqa.selenium.remote.ProtocolHandshake.createSession(ProtocolHandshake.java:73)
at org.openqa.selenium.remote.HttpCommandExecutor.execute(HttpCommandExecutor.java:136)
at org.openqa.selenium.remote.service.DriverCommandExecutor.execute(DriverCommandExecutor.java:83)
at org.openqa.selenium.remote.RemoteWebDriver.execute(RemoteWebDriver.java:548)
at org.openqa.selenium.remote.RemoteWebDriver.startSession(RemoteWebDriver.java:212)
at org.openqa.selenium.remote.RemoteWebDriver.<init>(RemoteWebDriver.java:130)
at org.openqa.selenium.chrome.ChromeDriver.<init>(ChromeDriver.java:181)
at org.openqa.selenium.chrome.ChromeDriver.<init>(ChromeDriver.java:168)
at org.openqa.selenium.chrome.ChromeDriver.<init>(ChromeDriver.java:123)
at system.qa.base.BasePage.initialization(BasePage.java:41)
at systaem.qa.tests.AdminTest.setUp(AdminTest.java:27)
at java.base/jdk.internal.reflect.NativeMethodAccessorImpl.invoke0(Native Method)
at java.base/jdk.internal.reflect.NativeMethodAccessorImpl.invoke(NativeMethodAccessorImpl.java:62)
at java.base/jdk.internal.reflect.DelegatingMethodAccessorImpl.invoke(DelegatingMethodAccessorImpl.java:43)
at java.base/java.lang.reflect.Method.invoke(Method.java:566)
at org.testng.internal.MethodInvocationHelper.invokeMethod(MethodInvocationHelper.java:124)
at org.testng.internal.MethodInvocationHelper.invokeMethodConsideringTimeout(MethodInvocationHelper.java:59)
at org.testng.internal.Invoker.invokeConfigurationMethod(Invoker.java:458)
at org.testng.internal.Invoker.invokeConfigurations(Invoker.java:222)
at org.testng.internal.Invoker.invokeMethod(Invoker.java:523)
at org.testng.internal.Invoker.invokeTestMethod(Invoker.java:719)
at org.testng.internal.Invoker.invokeTestMethods(Invoker.java:989)
at org.testng.internal.TestMethodWorker.invokeTestMethods(TestMethodWorker.java:125)
at org.testng.internal.TestMethodWorker.run(TestMethodWorker.java:109)
at org.testng.TestRunner.privateRun(TestRunner.java:648)
at org.testng.TestRunner.run(TestRunner.java:505)
at org.testng.SuiteRunner.runTest(SuiteRunner.java:455)
at org.testng.SuiteRunner.runSequentially(SuiteRunner.java:450)
at org.testng.SuiteRunner.privateRun(SuiteRunner.java:415)
at org.testng.SuiteRunner.run(SuiteRunner.java:364)
at org.testng.SuiteRunnerWorker.runSuite(SuiteRunnerWorker.java:52)
at org.testng.SuiteRunnerWorker.run(SuiteRunnerWorker.java:84)
at org.testng.TestNG.runSuitesSequentially(TestNG.java:1208)
at org.testng.TestNG.runSuitesLocally(TestNG.java:1137)
at org.testng.TestNG.runSuites(TestNG.java:1049)
at org.testng.TestNG.run(TestNG.java:1017)
at org.apache.maven.surefire.testng.TestNGExecutor.run(TestNGExecutor.java:77)
at org.apache.maven.surefire.testng.TestNGDirectoryTestSuite.executeMulti(TestNGDirectoryTestSuite.java:159)
at org.apache.maven.surefire.testng.TestNGDirectoryTestSuite.execute(TestNGDirectoryTestSuite.java:99)
at org.apache.maven.surefire.testng.TestNGProvider.invoke(TestNGProvider.java:106)
at java.base/jdk.internal.reflect.NativeMethodAccessorImpl.invoke0(Native Method)
at java.base/jdk.internal.reflect.NativeMethodAccessorImpl.invoke(NativeMethodAccessorImpl.java:62)
at java.base/jdk.internal.reflect.DelegatingMethodAccessorImpl.invoke(DelegatingMethodAccessorImpl.java:43)
at java.base/java.lang.reflect.Method.invoke(Method.java:566)
at org.apache.maven.surefire.util.ReflectionUtils.invokeMethodWithArray(ReflectionUtils.java:189)
at org.apache.maven.surefire.booter.ProviderFactory$ProviderProxy.invoke(ProviderFactory.java:165)
at org.apache.maven.surefire.booter.ProviderFactory.invokeProvider(ProviderFactory.java:85)
at org.apache.maven.surefire.booter.ForkedBooter.runSuitesInProcess(ForkedBooter.java:115)
at org.apache.maven.surefire.booter.ForkedBooter.main(ForkedBooter.java:75)
]]>
            </full-stacktrace>
          </exception> <!-- org.openqa.selenium.WebDriverException -->
          <reporter-output>
          </reporter-output>
        </test-method> <!-- setUp -->
        <test-method signature="test()[pri:0, instance:systaem.qa.tests.AdminTest@30ee2816]" started-at="2021-12-22T10:26:04Z" name="test" finished-at="2021-12-22T10:26:04Z" duration-ms="0" status="SKIP">
          <exception class="org.openqa.selenium.WebDriverException">
            <message>
              <![CDATA[unknown error: DevToolsActivePort file doesn't exist
Build info: version: '3.14.0', revision: 'aacccce0', time: '2018-08-02T20:19:58.91Z'
System info: host: 'Mathiyaparanams.local', ip: '192.168.0.11', os.name: 'Mac OS X', os.arch: 'x86_64', os.version: '10.13.6', java.version: '11.0.12'
Driver info: driver.version: ChromeDriver
remote stacktrace: 0   chromedriver                        0x0000000103471519 __gxx_personality_v0 + 577193
1   chromedriver                        0x00000001033fd663 __gxx_personality_v0 + 102387
2   chromedriver                        0x0000000102fc4d28 chromedriver + 171304
3   chromedriver                        0x0000000102fea42c chromedriver + 324652
4   chromedriver                        0x0000000102fe6c42 chromedriver + 310338
5   chromedriver                        0x0000000102fe35a6 chromedriver + 296358
6   chromedriver                        0x000000010301ce4d chromedriver + 532045
7   chromedriver                        0x0000000103016ba3 chromedriver + 506787
8   chromedriver                        0x0000000102fed5ae chromedriver + 337326
9   chromedriver                        0x0000000102fee8d5 chromedriver + 342229
10  chromedriver                        0x000000010342d75f __gxx_personality_v0 + 299247
11  chromedriver                        0x000000010344469a __gxx_personality_v0 + 393258
12  chromedriver                        0x0000000103449f5b __gxx_personality_v0 + 415979
13  chromedriver                        0x0000000103445a3a __gxx_personality_v0 + 398282
14  chromedriver                        0x000000010342237c __gxx_personality_v0 + 253196
15  chromedriver                        0x0000000103461458 __gxx_personality_v0 + 511464
16  chromedriver                        0x00000001034615e1 __gxx_personality_v0 + 511857
17  chromedriver                        0x0000000103478968 __gxx_personality_v0 + 606968
18  libsystem_pthread.dylib             0x00007fff7716f661 _pthread_body + 340
19  libsystem_pthread.dylib             0x00007fff7716f50d _pthread_body + 0
20  libsystem_pthread.dylib             0x00007fff7716ebf9 thread_start + 13
]]>
            </message>
            <full-stacktrace>
              <![CDATA[org.openqa.selenium.WebDriverException: unknown error: DevToolsActivePort file doesn't exist
Build info: version: '3.14.0', revision: 'aacccce0', time: '2018-08-02T20:19:58.91Z'
System info: host: 'Mathiyaparanams.local', ip: '192.168.0.11', os.name: 'Mac OS X', os.arch: 'x86_64', os.version: '10.13.6', java.version: '11.0.12'
Driver info: driver.version: ChromeDriver
remote stacktrace: 0   chromedriver                        0x0000000103471519 __gxx_personality_v0 + 577193
1   chromedriver                        0x00000001033fd663 __gxx_personality_v0 + 102387
2   chromedriver                        0x0000000102fc4d28 chromedriver + 171304
3   chromedriver                        0x0000000102fea42c chromedriver + 324652
4   chromedriver                        0x0000000102fe6c42 chromedriver + 310338
5   chromedriver                        0x0000000102fe35a6 chromedriver + 296358
6   chromedriver                        0x000000010301ce4d chromedriver + 532045
7   chromedriver                        0x0000000103016ba3 chromedriver + 506787
8   chromedriver                        0x0000000102fed5ae chromedriver + 337326
9   chromedriver                        0x0000000102fee8d5 chromedriver + 342229
10  chromedriver                        0x000000010342d75f __gxx_personality_v0 + 299247
11  chromedriver                        0x000000010344469a __gxx_personality_v0 + 393258
12  chromedriver                        0x0000000103449f5b __gxx_personality_v0 + 415979
13  chromedriver                        0x0000000103445a3a __gxx_personality_v0 + 398282
14  chromedriver                        0x000000010342237c __gxx_personality_v0 + 253196
15  chromedriver                        0x0000000103461458 __gxx_personality_v0 + 511464
16  chromedriver                        0x00000001034615e1 __gxx_personality_v0 + 511857
17  chromedriver                        0x0000000103478968 __gxx_personality_v0 + 606968
18  libsystem_pthread.dylib             0x00007fff7716f661 _pthread_body + 340
19  libsystem_pthread.dylib             0x00007fff7716f50d _pthread_body + 0
20  libsystem_pthread.dylib             0x00007fff7716ebf9 thread_start + 13

at java.base/jdk.internal.reflect.NativeConstructorAccessorImpl.newInstance0(Native Method)
at java.base/jdk.internal.reflect.NativeConstructorAccessorImpl.newInstance(NativeConstructorAccessorImpl.java:62)
at java.base/jdk.internal.reflect.DelegatingConstructorAccessorImpl.newInstance(DelegatingConstructorAccessorImpl.java:45)
at java.base/java.lang.reflect.Constructor.newInstance(Constructor.java:490)
at org.openqa.selenium.remote.W3CHandshakeResponse.lambda$new$0(W3CHandshakeResponse.java:57)
at org.openqa.selenium.remote.W3CHandshakeResponse.lambda$getResponseFunction$2(W3CHandshakeResponse.java:104)
at org.openqa.selenium.remote.ProtocolHandshake.lambda$createSession$0(ProtocolHandshake.java:122)
at java.base/java.util.stream.ReferencePipeline$3$1.accept(ReferencePipeline.java:195)
at java.base/java.util.Spliterators$ArraySpliterator.tryAdvance(Spliterators.java:958)
at java.base/java.util.stream.ReferencePipeline.forEachWithCancel(ReferencePipeline.java:127)
at java.base/java.util.stream.AbstractPipeline.copyIntoWithCancel(AbstractPipeline.java:502)
at java.base/java.util.stream.AbstractPipeline.copyInto(AbstractPipeline.java:488)
at java.base/java.util.stream.AbstractPipeline.wrapAndCopyInto(AbstractPipeline.java:474)
at java.base/java.util.stream.FindOps$FindOp.evaluateSequential(FindOps.java:150)
at java.base/java.util.stream.AbstractPipeline.evaluate(AbstractPipeline.java:234)
at java.base/java.util.stream.ReferencePipeline.findFirst(ReferencePipeline.java:543)
at org.openqa.selenium.remote.ProtocolHandshake.createSession(ProtocolHandshake.java:125)
at org.openqa.selenium.remote.ProtocolHandshake.createSession(ProtocolHandshake.java:73)
at org.openqa.selenium.remote.HttpCommandExecutor.execute(HttpCommandExecutor.java:136)
at org.openqa.selenium.remote.service.DriverCommandExecutor.execute(DriverCommandExecutor.java:83)
at org.openqa.selenium.remote.RemoteWebDriver.execute(RemoteWebDriver.java:548)
at org.openqa.selenium.remote.RemoteWebDriver.startSession(RemoteWebDriver.java:212)
at org.openqa.selenium.remote.RemoteWebDriver.<init>(RemoteWebDriver.java:130)
at org.openqa.selenium.chrome.ChromeDriver.<init>(ChromeDriver.java:181)
at org.openqa.selenium.chrome.ChromeDriver.<init>(ChromeDriver.java:168)
at org.openqa.selenium.chrome.ChromeDriver.<init>(ChromeDriver.java:123)
at system.qa.base.BasePage.initialization(BasePage.java:41)
at systaem.qa.tests.AdminTest.setUp(AdminTest.java:27)
at java.base/jdk.internal.reflect.NativeMethodAccessorImpl.invoke0(Native Method)
at java.base/jdk.internal.reflect.NativeMethodAccessorImpl.invoke(NativeMethodAccessorImpl.java:62)
at java.base/jdk.internal.reflect.DelegatingMethodAccessorImpl.invoke(DelegatingMethodAccessorImpl.java:43)
at java.base/java.lang.reflect.Method.invoke(Method.java:566)
at org.testng.internal.MethodInvocationHelper.invokeMethod(MethodInvocationHelper.java:124)
at org.testng.internal.MethodInvocationHelper.invokeMethodConsideringTimeout(MethodInvocationHelper.java:59)
at org.testng.internal.Invoker.invokeConfigurationMethod(Invoker.java:458)
at org.testng.internal.Invoker.invokeConfigurations(Invoker.java:222)
at org.testng.internal.Invoker.invokeMethod(Invoker.java:523)
at org.testng.internal.Invoker.invokeTestMethod(Invoker.java:719)
at org.testng.internal.Invoker.invokeTestMethods(Invoker.java:989)
at org.testng.internal.TestMethodWorker.invokeTestMethods(TestMethodWorker.java:125)
at org.testng.internal.TestMethodWorker.run(TestMethodWorker.java:109)
at org.testng.TestRunner.privateRun(TestRunner.java:648)
at org.testng.TestRunner.run(TestRunner.java:505)
at org.testng.SuiteRunner.runTest(SuiteRunner.java:455)
at org.testng.SuiteRunner.runSequentially(SuiteRunner.java:450)
at org.testng.SuiteRunner.privateRun(SuiteRunner.java:415)
at org.testng.SuiteRunner.run(SuiteRunner.java:364)
at org.testng.SuiteRunnerWorker.runSuite(SuiteRunnerWorker.java:52)
at org.testng.SuiteRunnerWorker.run(SuiteRunnerWorker.java:84)
at org.testng.TestNG.runSuitesSequentially(TestNG.java:1208)
at org.testng.TestNG.runSuitesLocally(TestNG.java:1137)
at org.testng.TestNG.runSuites(TestNG.java:1049)
at org.testng.TestNG.run(TestNG.java:1017)
at org.apache.maven.surefire.testng.TestNGExecutor.run(TestNGExecutor.java:77)
at org.apache.maven.surefire.testng.TestNGDirectoryTestSuite.executeMulti(TestNGDirectoryTestSuite.java:159)
at org.apache.maven.surefire.testng.TestNGDirectoryTestSuite.execute(TestNGDirectoryTestSuite.java:99)
at org.apache.maven.surefire.testng.TestNGProvider.invoke(TestNGProvider.java:106)
at java.base/jdk.internal.reflect.NativeMethodAccessorImpl.invoke0(Native Method)
at java.base/jdk.internal.reflect.NativeMethodAccessorImpl.invoke(NativeMethodAccessorImpl.java:62)
at java.base/jdk.internal.reflect.DelegatingMethodAccessorImpl.invoke(DelegatingMethodAccessorImpl.java:43)
at java.base/java.lang.reflect.Method.invoke(Method.java:566)
at org.apache.maven.surefire.util.ReflectionUtils.invokeMethodWithArray(ReflectionUtils.java:189)
at org.apache.maven.surefire.booter.ProviderFactory$ProviderProxy.invoke(ProviderFactory.java:165)
at org.apache.maven.surefire.booter.ProviderFactory.invokeProvider(ProviderFactory.java:85)
at org.apache.maven.surefire.booter.ForkedBooter.runSuitesInProcess(ForkedBooter.java:115)
at org.apache.maven.surefire.booter.ForkedBooter.main(ForkedBooter.java:75)
]]>
            </full-stacktrace>
          </exception> <!-- org.openqa.selenium.WebDriverException -->
          <reporter-output>
          </reporter-output>
        </test-method> <!-- test -->
        <test-method is-config="true" signature="close()[pri:0, instance:systaem.qa.tests.AdminTest@30ee2816]" started-at="2021-12-22T10:26:04Z" name="close" finished-at="2021-12-22T10:26:04Z" duration-ms="0" status="SKIP">
          <reporter-output>
          </reporter-output>
        </test-method> <!-- close -->
      </class> <!-- systaem.qa.tests.AdminTest -->
      <class name="systaem.qa.tests.DashboardTest">
        <test-method is-config="true" signature="setUp()[pri:0, instance:systaem.qa.tests.DashboardTest@31d7b7bf]" started-at="2021-12-22T10:26:04Z" name="setUp" finished-at="2021-12-22T10:27:06Z" duration-ms="61698" status="PASS">
          <reporter-output>
          </reporter-output>
        </test-method> <!-- setUp -->
        <test-method signature="check_secondQuote()[pri:0, instance:systaem.qa.tests.DashboardTest@31d7b7bf]" started-at="2021-12-22T10:27:06Z" name="check_secondQuote" finished-at="2021-12-22T10:27:07Z" duration-ms="1441" status="PASS">
          <reporter-output>
          </reporter-output>
        </test-method> <!-- check_secondQuote -->
        <test-method is-config="true" signature="close()[pri:0, instance:systaem.qa.tests.DashboardTest@31d7b7bf]" started-at="2021-12-22T10:27:07Z" name="close" finished-at="2021-12-22T10:27:08Z" duration-ms="728" status="PASS">
          <reporter-output>
          </reporter-output>
        </test-method> <!-- close -->
        <test-method is-config="true" signature="setUp()[pri:0, instance:systaem.qa.tests.DashboardTest@31d7b7bf]" started-at="2021-12-22T10:27:08Z" name="setUp" finished-at="2021-12-22T10:27:38Z" duration-ms="30425" status="PASS">
          <reporter-output>
          </reporter-output>
        </test-method> <!-- setUp -->
        <test-method signature="chekQuickLaunch()[pri:0, instance:systaem.qa.tests.DashboardTest@31d7b7bf]" started-at="2021-12-22T10:27:38Z" name="chekQuickLaunch" finished-at="2021-12-22T10:27:48Z" duration-ms="9445" status="PASS">
          <reporter-output>
          </reporter-output>
        </test-method> <!-- chekQuickLaunch -->
        <test-method is-config="true" signature="close()[pri:0, instance:systaem.qa.tests.DashboardTest@31d7b7bf]" started-at="2021-12-22T10:27:48Z" name="close" finished-at="2021-12-22T10:27:48Z" duration-ms="589" status="PASS">
          <reporter-output>
          </reporter-output>
        </test-method> <!-- close -->
        <test-method is-config="true" signature="setUp()[pri:0, instance:systaem.qa.tests.DashboardTest@31d7b7bf]" started-at="2021-12-22T10:27:48Z" name="setUp" finished-at="2021-12-22T10:28:08Z" duration-ms="19571" status="PASS">
          <reporter-output>
          </reporter-output>
        </test-method> <!-- setUp -->
        <test-method signature="clickAdmin()[pri:0, instance:systaem.qa.tests.DashboardTest@31d7b7bf]" started-at="2021-12-22T10:28:08Z" name="clickAdmin" finished-at="2021-12-22T10:28:10Z" duration-ms="1647" status="PASS">
          <reporter-output>
          </reporter-output>
        </test-method> <!-- clickAdmin -->
        <test-method is-config="true" signature="close()[pri:0, instance:systaem.qa.tests.DashboardTest@31d7b7bf]" started-at="2021-12-22T10:28:10Z" name="close" finished-at="2021-12-22T10:28:10Z" duration-ms="338" status="PASS">
          <reporter-output>
          </reporter-output>
        </test-method> <!-- close -->
        <test-method is-config="true" signature="setUp()[pri:0, instance:systaem.qa.tests.DashboardTest@31d7b7bf]" started-at="2021-12-22T10:28:10Z" name="setUp" finished-at="2021-12-22T10:28:24Z" duration-ms="14194" status="PASS">
          <reporter-output>
          </reporter-output>
        </test-method> <!-- setUp -->
        <test-method signature="clickPim()[pri:0, instance:systaem.qa.tests.DashboardTest@31d7b7bf]" started-at="2021-12-22T10:28:24Z" name="clickPim" finished-at="2021-12-22T10:28:25Z" duration-ms="1303" status="PASS">
          <reporter-output>
          </reporter-output>
        </test-method> <!-- clickPim -->
        <test-method is-config="true" signature="close()[pri:0, instance:systaem.qa.tests.DashboardTest@31d7b7bf]" started-at="2021-12-22T10:28:25Z" name="close" finished-at="2021-12-22T10:28:26Z" duration-ms="335" status="PASS">
          <reporter-output>
          </reporter-output>
        </test-method> <!-- close -->
      </class> <!-- systaem.qa.tests.DashboardTest -->
    </test> <!-- Command line test -->
  </suite> <!-- Command line suite -->
</testng-results>
