<?xml version="1.0" encoding="UTF-8"?>
<!-- Generated by org.testng.reporters.JUnitReportReporter -->
<testsuite hostname="Mathiyaparanams.local" failures="0" tests="2" name="systaem.qa.tests.AdminTest" time="98.150" errors="1" timestamp="22 Dec 2021 10:30:38 GMT" skipped="1">
  <testcase classname="systaem.qa.tests.AdminTest" name="test" time="0.000">
    <skipped/>
  </testcase> <!-- test -->
  <testcase classname="systaem.qa.tests.AdminTest" name="setUp" time="98.150">
    <error message="unknown error: DevToolsActivePort file doesn&#039;t exist
Build info: version: &#039;3.14.0&#039;, revision: &#039;aacccce0&#039;, time: &#039;2018-08-02T20:19:58.91Z&#039;
System info: host: &#039;Mathiyaparanams.local&#039;, ip: &#039;192.168.0.11&#039;, os.name: &#039;Mac OS X&#039;, os.arch: &#039;x86_64&#039;, os.version: &#039;10.13.6&#039;, java.version: &#039;11.0.12&#039;
Driver info: driver.version: ChromeDriver
remote stacktrace: 0   chromedriver                        0x0000000103471519 __gxx_personality_v0 + 577193
1   chromedriver                        0x00000001033fd663 __gxx_personality_v0 + 102387
2   chromedriver                        0x0000000102fc4d28 chromedriver + 171304
3   chromedriver                        0x0000000102fea42c chromedriver + 324652
4   chromedriver                        0x0000000102fe6c42 chromedriver + 310338
5   chromedriver                        0x0000000102fe35a6 chromedriver + 296358
6   chromedriver                        0x000000010301ce4d chromedriver + 532045
7   chromedriver                        0x0000000103016ba3 chromedriver + 506787
8   chromedriver                        0x0000000102fed5ae chromedriver + 337326
9   chromedriver                        0x0000000102fee8d5 chromedriver + 342229
10  chromedriver                        0x000000010342d75f __gxx_personality_v0 + 299247
11  chromedriver                        0x000000010344469a __gxx_personality_v0 + 393258
12  chromedriver                        0x0000000103449f5b __gxx_personality_v0 + 415979
13  chromedriver                        0x0000000103445a3a __gxx_personality_v0 + 398282
14  chromedriver                        0x000000010342237c __gxx_personality_v0 + 253196
15  chromedriver                        0x0000000103461458 __gxx_personality_v0 + 511464
16  chromedriver                        0x00000001034615e1 __gxx_personality_v0 + 511857
17  chromedriver                        0x0000000103478968 __gxx_personality_v0 + 606968
18  libsystem_pthread.dylib             0x00007fff7716f661 _pthread_body + 340
19  libsystem_pthread.dylib             0x00007fff7716f50d _pthread_body + 0
20  libsystem_pthread.dylib             0x00007fff7716ebf9 thread_start + 13
" type="org.openqa.selenium.WebDriverException">
      <![CDATA[org.openqa.selenium.WebDriverException: unknown error: DevToolsActivePort file doesn't exist
Build info: version: '3.14.0', revision: 'aacccce0', time: '2018-08-02T20:19:58.91Z'
System info: host: 'Mathiyaparanams.local', ip: '192.168.0.11', os.name: 'Mac OS X', os.arch: 'x86_64', os.version: '10.13.6', java.version: '11.0.12'
Driver info: driver.version: ChromeDriver
remote stacktrace: 0   chromedriver                        0x0000000103471519 __gxx_personality_v0 + 577193
1   chromedriver                        0x00000001033fd663 __gxx_personality_v0 + 102387
2   chromedriver                        0x0000000102fc4d28 chromedriver + 171304
3   chromedriver                        0x0000000102fea42c chromedriver + 324652
4   chromedriver                        0x0000000102fe6c42 chromedriver + 310338
5   chromedriver                        0x0000000102fe35a6 chromedriver + 296358
6   chromedriver                        0x000000010301ce4d chromedriver + 532045
7   chromedriver                        0x0000000103016ba3 chromedriver + 506787
8   chromedriver                        0x0000000102fed5ae chromedriver + 337326
9   chromedriver                        0x0000000102fee8d5 chromedriver + 342229
10  chromedriver                        0x000000010342d75f __gxx_personality_v0 + 299247
11  chromedriver                        0x000000010344469a __gxx_personality_v0 + 393258
12  chromedriver                        0x0000000103449f5b __gxx_personality_v0 + 415979
13  chromedriver                        0x0000000103445a3a __gxx_personality_v0 + 398282
14  chromedriver                        0x000000010342237c __gxx_personality_v0 + 253196
15  chromedriver                        0x0000000103461458 __gxx_personality_v0 + 511464
16  chromedriver                        0x00000001034615e1 __gxx_personality_v0 + 511857
17  chromedriver                        0x0000000103478968 __gxx_personality_v0 + 606968
18  libsystem_pthread.dylib             0x00007fff7716f661 _pthread_body + 340
19  libsystem_pthread.dylib             0x00007fff7716f50d _pthread_body + 0
20  libsystem_pthread.dylib             0x00007fff7716ebf9 thread_start + 13

at java.base/jdk.internal.reflect.NativeConstructorAccessorImpl.newInstance0(Native Method)
at java.base/jdk.internal.reflect.NativeConstructorAccessorImpl.newInstance(NativeConstructorAccessorImpl.java:62)
at java.base/jdk.internal.reflect.DelegatingConstructorAccessorImpl.newInstance(DelegatingConstructorAccessorImpl.java:45)
at java.base/java.lang.reflect.Constructor.newInstance(Constructor.java:490)
at org.openqa.selenium.remote.W3CHandshakeResponse.lambda$new$0(W3CHandshakeResponse.java:57)
at org.openqa.selenium.remote.W3CHandshakeResponse.lambda$getResponseFunction$2(W3CHandshakeResponse.java:104)
at org.openqa.selenium.remote.ProtocolHandshake.lambda$createSession$0(ProtocolHandshake.java:122)
at java.base/java.util.stream.ReferencePipeline$3$1.accept(ReferencePipeline.java:195)
at java.base/java.util.Spliterators$ArraySpliterator.tryAdvance(Spliterators.java:958)
at java.base/java.util.stream.ReferencePipeline.forEachWithCancel(ReferencePipeline.java:127)
at java.base/java.util.stream.AbstractPipeline.copyIntoWithCancel(AbstractPipeline.java:502)
at java.base/java.util.stream.AbstractPipeline.copyInto(AbstractPipeline.java:488)
at java.base/java.util.stream.AbstractPipeline.wrapAndCopyInto(AbstractPipeline.java:474)
at java.base/java.util.stream.FindOps$FindOp.evaluateSequential(FindOps.java:150)
at java.base/java.util.stream.AbstractPipeline.evaluate(AbstractPipeline.java:234)
at java.base/java.util.stream.ReferencePipeline.findFirst(ReferencePipeline.java:543)
at org.openqa.selenium.remote.ProtocolHandshake.createSession(ProtocolHandshake.java:125)
at org.openqa.selenium.remote.ProtocolHandshake.createSession(ProtocolHandshake.java:73)
at org.openqa.selenium.remote.HttpCommandExecutor.execute(HttpCommandExecutor.java:136)
at org.openqa.selenium.remote.service.DriverCommandExecutor.execute(DriverCommandExecutor.java:83)
at org.openqa.selenium.remote.RemoteWebDriver.execute(RemoteWebDriver.java:548)
at org.openqa.selenium.remote.RemoteWebDriver.startSession(RemoteWebDriver.java:212)
at org.openqa.selenium.remote.RemoteWebDriver.<init>(RemoteWebDriver.java:130)
at org.openqa.selenium.chrome.ChromeDriver.<init>(ChromeDriver.java:181)
at org.openqa.selenium.chrome.ChromeDriver.<init>(ChromeDriver.java:168)
at org.openqa.selenium.chrome.ChromeDriver.<init>(ChromeDriver.java:123)
at system.qa.base.BasePage.initialization(BasePage.java:41)
at systaem.qa.tests.AdminTest.setUp(AdminTest.java:27)
at java.base/jdk.internal.reflect.NativeMethodAccessorImpl.invoke0(Native Method)
at java.base/jdk.internal.reflect.NativeMethodAccessorImpl.invoke(NativeMethodAccessorImpl.java:62)
at java.base/jdk.internal.reflect.DelegatingMethodAccessorImpl.invoke(DelegatingMethodAccessorImpl.java:43)
at java.base/java.lang.reflect.Method.invoke(Method.java:566)
at org.testng.internal.MethodInvocationHelper.invokeMethod(MethodInvocationHelper.java:124)
at org.testng.internal.MethodInvocationHelper.invokeMethodConsideringTimeout(MethodInvocationHelper.java:59)
at org.testng.internal.Invoker.invokeConfigurationMethod(Invoker.java:458)
at org.testng.internal.Invoker.invokeConfigurations(Invoker.java:222)
at org.testng.internal.Invoker.invokeMethod(Invoker.java:523)
at org.testng.internal.Invoker.invokeTestMethod(Invoker.java:719)
at org.testng.internal.Invoker.invokeTestMethods(Invoker.java:989)
at org.testng.internal.TestMethodWorker.invokeTestMethods(TestMethodWorker.java:125)
at org.testng.internal.TestMethodWorker.run(TestMethodWorker.java:109)
at org.testng.TestRunner.privateRun(TestRunner.java:648)
at org.testng.TestRunner.run(TestRunner.java:505)
at org.testng.SuiteRunner.runTest(SuiteRunner.java:455)
at org.testng.SuiteRunner.runSequentially(SuiteRunner.java:450)
at org.testng.SuiteRunner.privateRun(SuiteRunner.java:415)
at org.testng.SuiteRunner.run(SuiteRunner.java:364)
at org.testng.SuiteRunnerWorker.runSuite(SuiteRunnerWorker.java:52)
at org.testng.SuiteRunnerWorker.run(SuiteRunnerWorker.java:84)
at org.testng.TestNG.runSuitesSequentially(TestNG.java:1208)
at org.testng.TestNG.runSuitesLocally(TestNG.java:1137)
at org.testng.TestNG.runSuites(TestNG.java:1049)
at org.testng.TestNG.run(TestNG.java:1017)
at org.apache.maven.surefire.testng.TestNGExecutor.run(TestNGExecutor.java:77)
at org.apache.maven.surefire.testng.TestNGDirectoryTestSuite.executeMulti(TestNGDirectoryTestSuite.java:159)
at org.apache.maven.surefire.testng.TestNGDirectoryTestSuite.execute(TestNGDirectoryTestSuite.java:99)
at org.apache.maven.surefire.testng.TestNGProvider.invoke(TestNGProvider.java:106)
at java.base/jdk.internal.reflect.NativeMethodAccessorImpl.invoke0(Native Method)
at java.base/jdk.internal.reflect.NativeMethodAccessorImpl.invoke(NativeMethodAccessorImpl.java:62)
at java.base/jdk.internal.reflect.DelegatingMethodAccessorImpl.invoke(DelegatingMethodAccessorImpl.java:43)
at java.base/java.lang.reflect.Method.invoke(Method.java:566)
at org.apache.maven.surefire.util.ReflectionUtils.invokeMethodWithArray(ReflectionUtils.java:189)
at org.apache.maven.surefire.booter.ProviderFactory$ProviderProxy.invoke(ProviderFactory.java:165)
at org.apache.maven.surefire.booter.ProviderFactory.invokeProvider(ProviderFactory.java:85)
at org.apache.maven.surefire.booter.ForkedBooter.runSuitesInProcess(ForkedBooter.java:115)
at org.apache.maven.surefire.booter.ForkedBooter.main(ForkedBooter.java:75)
]]>
    </error>
  </testcase> <!-- setUp -->
</testsuite> <!-- systaem.qa.tests.AdminTest -->
